    1  109     1359    181336  258     334809  357236  419    636    890
    2  1091    136     182     258670  335     357238  41940  63662  891
    3  1092    1361    182246  259     335436  357239  41942  637    893
    4  1093    1362    182377  259350  335851  357264  42     638    894
    5  1094    1363    182979  259964  335874  357280  420    639    895
    6  1095    1364    183350  26      336     357286  4201   64     896
    7  1097    1365    184     260     337     357301  421    641    897
    8  1098    1367    1846    262     337554  357308  422    642    899
    9  109811  1368    1847    263     337555  357312  42239  643    9
   10  1099    1369    185     263390  337776  357332  424    644    90
   11  11      137     185089  264     337983  357341  4243   645    900
   12  110     1370    186     264496  338     357408  425    647    901
   13  1100    1371    1864    265     338785  357418  426    648    902
   14  1101    1373    1868    265451  338811  357419  4268   649    903
   15  1103    1374    187     265835  338941  357439  427    65     905
   16  1104    1375    1874    265838  339095  357475  4270   650    906
   17  1105    1376    1877    266     339495  357501  428    651    907
   18  1106    1377    188     266141  339789  357509  43     65267  908
   19  1107    1379    1885    266620  339800  357511  430    653    909
   20  110721  138     1888    268     339802  357540  43097  65305  91
   21  1109    1380    19      2686    34      357555  431    654    911
   22  1110    1381    190     2687    340     357559  432    655    912
   23  1111    1382    1901    269     340054  357561  43257  656    913
   24  1112    1383    1908    2699    340632  357567  43264  657    914
   25  1113    1385    191     270     341     357568  433    659    915
   26  1115    1386    1911    2704    341308  357600  4331   66     917
   27  1116    1387    1915    271     341377  357605  434    660    918
   28  1117    1388    1916    2714    342     357607  436    661    919
   29  1118    1389    192     271834  342764  357614  437    662    92
   30  1119    139     1925    2719    343     357617  438    663    920
   31  112     1391    1928    272     343153  357632  439    665    9206
   32  1121    1392    193     2725    343277  357638  44     666    921
   33  1122    1393    1933    2726    343417  357639  440    667    923
   34  1123    1394    1938    2727    343430  357678  442    668    924
   35  1124    1395    1939    2728    343432  357689  443    6684   925
   36  1125    1397    194     2729    343630  357724  444    66843  926
   37  1127    1398    1942    2730    343853  357726  445    669    927
   38  112717  1399    1943    2731    343875  357752  446    67     929
   39  1128    14      1946    273104  344     357802  44698  671    930
   40  1129    140     1952    2732    344062  357804  44700  6712   931
   41  113     1400    1953    2733    344283  357810  448    672    932
   42  1130    1401    1954    2734    344285  357811  44811  673    933
   43  1131    1403    196     2735    344442  357847  44903  674    935
   44  1133    1404    1962    2736    344559  357848  450    675    936
   45  1134    1405    196215  2737    344603  357867  45032  676    937
   46  1135    1406    197     2738    344685  357868  45038  677    938
   47  1136    1407    198     2739    344707  357875  45062  678    939
   48  1137    1409    199     274     344763  357881  451    679    94
   49  1139    1410    1990    2740    345229  357898  45176  68     941
   50  114     1411    1992    2741    345604  357968  45177  680    942
   51  1140    1412    1993    2742    346     357969  452    681    943
   52  1141    1413    1995    2743    346231  357970  453    682    944
   53  1142    1415    1997    2744    346256  357991  455    683    945
   54  1143    1416    1998    2745    346294  357993  456    684    947
   55  1145    1417    1999    2746    3464    358     45636  685    948
   56  1146    1418    2       2747    3465    358037  457    686    949
   57  1147    1419    20      2748    346518  358046  45710  687    95
   58  11472   142     200     2749    346575  358050  458    6882   950
   59  1148    1421    2002    275     346649  358052  459    689    951
   60  1149    1422    2004    2750    346765  358093  45982  690    953
   61  115     1423    2006    2751    346858  358114  46     691    954
   62  1151    1424    2007    2752    346988  358120  46089  692    955
   63  1152    1425    2010    2753    347     358145  46098  693    956
   64  1153    1427    2011    2754    347024  358147  461    695    957
   65  1154    1428    2015    2758    347131  358152  46181  696    959
   66  1155    1429    201512  2759    347197  358153  462    697    96
   67  1156    143     201574  276     347247  358168  46260  698    960
   68  1157    1430    201613  2760    347483  358169  463    699    961
   69  1158    1431    201645  2761    347597  358173  46327  70     96189
   70  1159    1433    201654  2762    347645  358175  464    701    962
   71  116     1434    2017    2764    3477    358181  465    702    963
   72  1160    1435    201864  2765    347701  358182  46682  703    965
   73  1161    1436    201870  2766    347772  358216  46699  704    966
   74  1163    1437    202     2767    347997  358218  467    705    967
   75  1164    1438    2020    2768    348     358264  46712  707    968
   76  1165    1439    2024    2769    348035  358274  46713  708    969
   77  1166    144     202543  277     348560  358275  468    709    97
   78  1167    1440    203     2770    348672  358305  46877  71     970
   79  1169    1441    2031    2772    348868  358308  46878  710    971
   80  1170    1442    2033    2773    348959  358313  469    711    972
   81  1171    1443    2035    2774    349     358316  46955  713    973
   82  1172    1445    2036    2776    3490    358317  46990  714    974
   83  1173    1446    2037    2777    349030  358351  46993  715    975
   84  1175    1447    2039    2779    349142  358361  47     716    977
   85  1176    1448    203971  278     349608  358398  470    7161   978
   86  1177    1449    204     278404  349612  358399  471    717    979
   87  1178    145     2041    2789    349614  358423  473    719    98
   88  1179    1451    2042    279606  349620  358429  474    72     980
   89  118     1452    2043    279635  349621  358430  475    720    981
   90  1181    145229  2045    2799    349982  358432  476    721    983
   91  1182    1453    2047    28      35      358459  477    722    984
   92  1183    1454    2048    280     350     358472  4772   723    985
   93  1184    1455    2049    2801    350028  358494  479    725    986
   94  1185    1457    205     2802    350078  358497  48     726    987
   95  1187    1458    206     2804    350280  358516  480    7266   989
   96  1188    1459    206180  280675  350318  358517  481    727    990
   97  1189    146     206292  2808    350320  358523  482    728    991
   98  119     1460    208     281     350527  358525  483    729    992
   99  1190    1461    209     281065  350529  358529  485    73     993
  100  1191    1463    209666  282     350627  358531  486    731    995
  101  1193    1464    210     282876  350628  358537  487    732    996
  102  1194    1465    211     2829    350682  358538  488    733    997
  103  1195    1466    211144  283     350684  358539  489    734    998
  104  11952   1467    211722  2831    350756  358612  49     735    999
  105  1196    1469    212     283185  350776  358613  49037  737    99943
  106  1197    1470    2122    2832    350785  358626  491    738    buddyinfo
  107  1199    1471    2123    2833    350838  358630  49171  739    bus
  108  12      1472    2125    2834    350881  358632  492    74     cgroups
  109  120     1473    2126    2838    350909  358662  493    740    cmdline
  110  1200    1475    214     2839    350912  358691  494    741    consoles
  111  1201    1476    215     284     351070  358693  495    743    cpuinfo
  112  1202    1477    2150    2849    351291  358727  49680  744    crypto
  113  120271  1478    2152    2855    351373  358764  497    745    devices
  114  1203    1479    2153    285838  351385  358770  49747  746    device-tree
  115  1205    148     2155    2859    351428  358771  49752  747    diskstats
  116  1206    1481    216     286     351524  358779  498    749    dma
  117  1207    1482    2161    287     351530  358818  49860  750    driver
  118  1208    1483    2162    2872    351609  358832  499    751    execdomains
  119  1209    1484    2163    287424  351677  358833  50     752    fb
  120  121     1485    2164    288     351710  358869  500    753    filesystems
  121  1211    1487    2166    288210  351733  358883  501    7532   fs
  122  1212    1488    217     289     351755  358884  50107  755    interrupts
  123  1213    1489    2172    29      351909  358891  50265  756    iomem
  124  1214    149     2174    290     351975  358892  503    757    ioports
  125  1215    1490    2178    2914    351999  358893  504    758    irq
  126  1217    1491    2179    291889  352     358914  505    759    kallsyms
  127  1218    1493    218     292     3521    358925  506    76     kcore
  128  1219    1494    2180    293     352208  358927  5062   761    keys
  129  122     1495    2181    293041  352491  358986  507    762    key-users
  130  1220    1496    2182    293968  352503  358992  509    763    kmsg
  131  1221    149691  2183    294     352509  358993  510    764    kpagecgroup
  132  1223    1497    2184    294704  352548  358994  511    765    kpagecount
  133  1224    149790  2185    295     352557  358997  51113  767    kpageflags
  134  1225    149887  2186    296     352580  359     5115   768    loadavg
  135  1226    1499    2189    296441  352581  359011  512    769    locks
  136  1227    15      22      298     352582  359017  513    77     mdstat
  137  1229    150     220     299     3526    359018  515    770    meminfo
  138  1230    1500    2200    3       352625  359023  516    771    misc
  139  1231    1501    2202    30      352668  359034  517    772    modules
  140  1232    1502    2204    300     352669  359056  518    773    mounts
  141  1233    150251  2206    300482  352670  359057  519    774    net
  142  1235    1503    2208    301     352672  359070  52     775    pagetypeinfo
  143  1236    1505    220926  301258  352673  359071  521    776    partitions
  144  1237    150524  221     302     352782  359072  5212   777    powerpc
  145  1238    1506    2210    302298  352803  359075  522    778    ppc64
  146  1239    1507    2211    302372  352829  359122  523    779    rtas
  147  123903  1508    221257  302794  352961  359124  524    7794   sched_debug
  148  124     1509    221278  304     352963  359131  525    78     schedstat
  149  1241    151     221333  304002  352964  359132  527    780    scsi
  150  1242    1511    2214    304010  353     359133  528    781    self
  151  1243    1512    221629  304254  353088  359134  529    782    slabinfo
  152  1244    1513    221698  304315  353126  359135  53     783    softirqs
  153  1245    1514    222     305     353170  359138  530    785    stat
  154  1247    1515    2222    305774  353179  359140  531    786    swaps
  155  1248    1517    2223    306     353227  359167  533    7868   sys
  156  1249    1518    2224    306940  354     359169  534    787    sysrq-trigger
  157  125     1519    2226    307     354238  359171  535    788    sysvipc
  158  1250    152     2227    308     354240  359198  536    7880   thread-self
  159  1251    1520    2228    308914  354246  359199  53684  789    timer_list
  160  1253    1521    2229    308958  354248  359200  537    79     tty
  161  1254    1523    223     309521  354287  359201  539    791    uptime
  162  1255    1524    2231    309625  354326  359202  54     792    version
  163  1256    1525    2235    309923  354349  36      540    793    vmallocinfo
  164  1257    1526    2237    31      354359  360     541    794    vmstat
  165  1258    1527    223996  310     354454  361     542    7940   zoneinfo
  166  125853  1529    224     310153  354473  362     543    795
  167  1259    1530    2240    310165  354475  364     5433   797
  168  126     1531    224264  310197  354476  365     545    798
  169  1260    1532    2243    310246  354520  366     546    799
  170  1261    1533    224319  310253  354522  367     547    8
  171  1262    1535    224481  310282  354571  3676    548    80
  172  [jeremiah@sjsu A1]$ head meminfo
  173  head: cannot open 'meminfo' for reading: No such file or directory
  174  [jeremiah@sjsu A1]$ head 1229    150     220     299     3526    359018  515    770
  175  head: cannot open '1229' for reading: No such file or directory
  176  head: cannot open '150' for reading: No such file or directory
  177  head: cannot open '220' for reading: No such file or directory
  178  head: cannot open '299' for reading: No such file or directory
  179  head: cannot open '3526' for reading: No such file or directory
  180  head: cannot open '359018' for reading: No such file or directory
  181  head: cannot open '515' for reading: No such file or directory
  182  head: cannot open '770' for reading: No such file or directory
  183  [jeremiah@sjsu A1]$ head meminfo
  184  head: cannot open 'meminfo' for reading: No such file or directory
  185  [jeremiah@sjsu A1]$ head /proc/meminfo
  186  MemTotal:       73080640 kB
  187  MemFree:         4032960 kB
  188  MemAvailable:   60759424 kB
  189  Buffers:            4224 kB
  190  Cached:         58069312 kB
  191  SwapCached:         9152 kB
  192  Active:         56315200 kB
  193  Inactive:        2227840 kB
  194  Active(anon):     248832 kB
  195  Inactive(anon):   789760 kB
  196  [jeremiah@sjsu A1]$ head /proc/cpuinfo
  197  processor       : 0
  198  cpu             : POWER8 (architected), altivec supported
  199  clock           : 3525.000000MHz
  200  revision        : 2.1 (pvr 004b 0201)
  201  processor       : 1
  202  cpu             : POWER8 (architected), altivec supported
  203  clock           : 3525.000000MHz
  204  revision        : 2.1 (pvr 004b 0201)
  205  [jeremiah@sjsu A1]$ pwd
  206  /home/jeremiah/A1
  207  [jeremiah@sjsu A1]$ /home/test/A1/downloaded_hashtags_extend.csv
  208  bash: /home/test/A1/downloaded_hashtags_extend.csv: Permission denied
  209  [jeremiah@sjsu A1]$ chmod +rwx temp2
  210  chmod: cannot access 'temp2': No such file or directory
  211  [jeremiah@sjsu A1]$ chmod +rwx A1
  212  chmod: cannot access 'A1': No such file or directory
  213  [jeremiah@sjsu A1]$ chmod +rwx temp
  214  [jeremiah@sjsu A1]$  /home/test/A1/downloaded_hashtags_extend.csv
  215  bash: /home/test/A1/downloaded_hashtags_extend.csv: Permission denied
  216  [jeremiah@sjsu A1]$ /home/test/A1/downloaded_hashtags_extend.csv
  217  bash: /home/test/A1/downloaded_hashtags_extend.csv: Permission denied
  218  [jeremiah@sjsu A1]$ cp /home/test/A1/downloaded_hashtags_extend.csv .
  219  [jeremiah@sjsu A1]$ /home/test/A1/downloaded_hashtags_extend.csv
  220  bash: /home/test/A1/downloaded_hashtags_extend.csv: Permission denied
  221  [jeremiah@sjsu A1]$ head
  222  a1.txt                          temp/
  223  downloaded_hashtags_extend.csv  temp3/
  224  [jeremiah@sjsu A1]$ head
  225  /home/test/A1/downloaded_hashtags_extend.csv
  226  cd A1
  227  cd
  228  cd A1
  229  bash: /home/test/A1/downloaded_hashtags_extend.csv
  230  /home/test/A1/downloaded_hashtags_extend.csv
  231  cp /home/test/A1/downloaded_hashtags_extend.csv .
  232  cp /home/test/A1/downloaded_hashtags_extend.csv
  233  cp /home/test/A1/downloaded_hashtags_extend.csv A1
  234  head downloaded_hashtags_extend.csv 
  235  ls -ih
  236  ls ih downloaded_hashtags_extend.csv 
  237  ls downloaded_hashtags_extend.csv 
  238  ls -ih downloaded_hashtags_extend.csv 
  239  du -sh downloaded_hashtags_extend.csv 
  240  head downloaded_hashtags_extend.csv 
  241  grep "great" wc
  242  grep -i 'great' downloaded_hashtags_extend.csv 
  243  grep -i 'great' downloaded_hashtags_extend.csv | wc
  244  file downloaded_hashtags_extend.csv 
  245  iconv -f utf-8 -t ascii
  246  konwert utf8-ascii
  247  convert utf8-ascii
  248  iconv -f utf-8 -t ascii
  249  iconv -f utf-8 -t ascii//TRANSLIT
  250  iconv -f utf-8 -t ascii downloaded_hashtags_extend.csv 
  251  grep '150' downloaded_hashtags_extend.csv |wc
  252  vi a1.txt 
  253  less a1.txt 
  254  touch a1.txt 
  255  git add a1.txt 
  256  git commit
  257  git commit -m "assignment 1"
  258  git add a1.txt 
  259  git commit a1.txt -m "assignment 1"
  260  git remote add origin https://github.com/Shinwonryu/Assignment-1.git
  261  git branch -M main
  262  git push -u origin main
  263  git remote add origin https://github.com/Shinwonryu/Assignment-1.git
  264  git branch -M main
  265  git push -u origin main
  266  sort amazon_reviews_us_Books_v1_02.tsv
  267  head amazon_reviews_us_Books_v1_02.tsv
  268  history > cmds.log
  269  script ws3.txt
  270  head amazon_reviews_us_Books_v1_02.tsv
  271  cut -b 8-16 amazon_reviews_us_Books_v1_02.tsv 
  272  head amazon_reviews_us_Books_v1_02.tsv
  273  cut -b 4-8 amazon_reviews_us_Books_v1_02.tsv 
  274  head amazon_reviews_us_Books_v1_02.tsv
  275  cut -b 4-8 amazon_reviews_us_Books_v1_02.tsv 
  276  head amazon_reviews_us_Books_v1_02.tsv
  277  cut -c 3-10 amazon_reviews_us_Books_v1_02.tsv
  278  head amazon_reviews_us_Books_v1_02.tsv
  279  cut -c 3-11 amazon_reviews_us_Books_v1_02.tsv
  280  sort amazon_reviews_us_Books_v1_02.tsv
  281  sort uniq -c cut -c 3-11 amazon_reviews_us_Books_v1_02.tsv
  282  sort uniq -c cut 3-11 amazon_reviews_us_Books_v1_02.tsv
  283  sort uniq  cut -c 3-11 amazon_reviews_us_Books_v1_02.tsv
  284  sort cut -c 3-11 amazon_reviews_us_Books_v1_02.tsv
  285  cut -c 3-11 amazon_reviews_us_Books_v1_02.tsv
  286  cut -c 3-11 amazon_reviews_us_Books_v1_02.tsv cut -c 3-11 amazon_reviews_us_Books_v1_02.tsv
  287  head cut -c 3-11 amazon_reviews_us_Books_v1_02.tsv
  288   amazon_reviews_us_Books_v1_02.tsv
  289  cut -c 3-11 | head amazon_reviews_us_Books_v1_02.tsv
  290  cut -c 3-11 amazon_reviews_us_Books_v1_02.tsv | head
  291  cut -c 3-11 amazon_reviews_us_Books_v1_02.tsv | head | sort
  292  cut -c 3-11 amazon_reviews_us_Books_v1_02.tsv | head | sort | uniq -c
  293  cut -c 3-11 amazon_reviews_us_Books_v1_02.tsv | head | uniq -c | sort
  294  cut -c 3-11 amazon_reviews_us_Books_v1_02.tsv | head | sort | uniq
  295  cut -c 3-11 amazon_reviews_us_Books_v1_02.tsv | head | sort | uniq -d
  296  cut -c 3-11 amazon_reviews_us_Books_v1_02.tsv | head | sort | uniq -c
  297  cut -c 3-11 amazon_reviews_us_Books_v1_02.tsv | sort | uniq -c
  298   sort amazon_reviews_us_Books_v1_02.tsv  | uniq -c
  299   sort amazon_reviews_us_Books_v1_02.tsv  | uniq -c | head
  300  cut -c 3-11 amazon_reviews_us_Books_v1_02.tsv | head | sort | uniq -c
  301  cut -c 12-25 amazon_reviews_us_Books_v1_02.tsv | head | sort | uniq -c
  302  head -n 2 amazon_reviews_us_Books_v1_02.tsv
  303  cut -c 3-11 amazon_reviews_us_Books_v1_02.tsv | head | sort | uniq -c
  304  cut -c 3-11 amazon_reviews_us_Books_v1_02.tsv | head | sort | uniq -c |sort
  305  cut -c 3-11 amazon_reviews_us_Books_v1_02.tsv | sort | uniq -c | head
  306  cut -c 3-11 amazon_reviews_us_Books_v1_02.tsv | sort | uniq -c | sort | head
  307  cut -c 3-11 amazon_reviews_us_Books_v1_02.tsv | sort | uniq -c | head
  308  cut -c 3-11 amazon_reviews_us_Books_v1_02.tsv | sort-nr | uniq -c | head
  309  cut -c 3-11 amazon_reviews_us_Books_v1_02.tsv | sort -nr | uniq -c | head
  310  cut -c 3-11 amazon_reviews_us_Books_v1_02.tsv | sort -nr-k1 | uniq -c | head
  311  cut -c 3-11 amazon_reviews_us_Books_v1_02.tsv | sort -nr -k1 | uniq -c | head
  312  cut -c 3-11 amazon_reviews_us_Books_v1_02.tsv | sort -nr -k1 | uniq -c | tail -50
  313   cut -c 3-11 amazon_reviews_us_Books_v1_02.tsv | sort | uniq -c | head
  314  cut -c 3-11 amazon_reviews_us_Books_v1_02.tsv | sort | uniq -c | tail -10
  315  cut -c 3-11 amazon_reviews_us_Books_v1_02.tsv | sort -nr -k1 | uniq -c | head
  316  cut -c 3-11 amazon_reviews_us_Books_v1_02.tsv | sort | uniq -c | sort -nr -k1 | head
  317  head -n 2 amazon_reviews_us_Books_v1_02.tsv
  318   21922         50122160
  319     9964         50732546
  320     2664         52615377
  321  cut -c 26-34 amazon_reviews_us_Books_v1_02.tsv | sort | uniq -c | sort -nr -k1 | head
  322   cut -c 26-34 amazon_reviews_us_Books_v1_02.tsv | sort | uniq -c | sort -nr -k1 | head 1196         04393580
  323  cut -c 3-11 amazon_reviews_us_Books_v1_02.tsv | sort | uniq -c | sort -nr -k1 | head
  324  cut -c 26-34 amazon_reviews_us_Books_v1_02.tsv | sort | uniq -c | sort -nr -k1 | head
  325  history > cmds.log
  326  vi ws3.txt 
  327  more ws3.txt 
  328  script ws3.txt
  329  o
  330  O
  331  cas ws3.txt 
  332  cat ws3.txt 
  333  2R0;136;0c2R0;136;0c2R0;136;0c
  334  vi ws3.txt 
  335  touch ws3.txt 
  336  touch cmds.log 
  337  git add ws3.txt 
  338  git add cmds.log 
  339  git commit -m "worksheet 3"
  340  git remote add origin https://github.com/Shinwonryu/Worksheet3.git
  341  git branch -M main
  342  git push -u origin main
  343  head amazon_reviews_us_Books_v1_02.tsv 1
  344  head amazon_reviews_us_Books_v1_02.tsv
  345  script ws4.txt
  346  alias l = "ls -latr"
  347  vi ~/.bashrc
  348  mkdir CUSTOMERS
  349  mkdir PRODUCTS
  350  head amazon_reviews_us_Books_v1_02.tsv 10
  351  cat > CUSTOMERS/12076615.txt
  352  script ws4.txt
  353  vi ~/.bashrc
  354  mkdir CUSTOMERS
  355  mkdir PRODUCTS
  356  cd CUSTOMERS/
  357  cd
  358  head amazon_reviews_us_Books_v1_02.tsv
  359  touch 12076615.txt
  360  unlink 12076615.txt 
  361  cd CUSTOMERS/
  362  touch 12076615.txt
  363  cd
  364  grep "12076615" amazon_reviews_us_Books_v1_02.tsv
  365  grep "12076615" amazon_reviews_us_Books_v1_02.tsv | cut -c 80-90
  366  grep "12076615" amazon_reviews_us_Books_v1_02.tsv | cut -c 95-96
  367  grep "12076615" amazon_reviews_us_Books_v1_02.tsv | cut -c 98-99
  368  grep "12076615" amazon_reviews_us_Books_v1_02.tsv | cut -c 99
  369  grep "12076615" amazon_reviews_us_Books_v1_02.tsv | cut -c 99 > CUSTOMERS/12076615.txt 
  370  cat CUSTOMERS/12076615.txt 
  371  touch 12703090.txttouch 12703090.txt
  372  unlink 12703090.txt 
  373  cd CUSTOMERS/
  374  touch touch 12703090.txt
  375  grep "12076615" amazon_reviews_us_Books_v1_02.tsv | cut -c 99 > CUSTOMERS/12706615.txt
  376  cd
  377  grep "12076615" amazon_reviews_us_Books_v1_02.tsv | cut -c 99 > CUSTOMERS/12706615.txt
  378  cat CUSTOMERS/12076615.txt 
  379  grep "12706615" amazon_reviews_us_Books_v1_02.tsv | cut -c 99 > CUSTOMERS/12706615.txt
  380  cat CUSTOMERS/12706615.txt
  381  cat CUSTOMERS/12076615.txt 
  382  cat CUSTOMERS/12076615.txt
  383  cat CUSTOMERS/12706615.txt
  384  grep "12706615" amazon_reviews_us_Books_v1_02.tsv
  385  unlink 12706615.txt
  386  touch CUSTOMERS/12703090.txt
  387  grep "12703090" amazon_reviews_us_Books_v1_02.tsv
  388  grep "12703090" amazon_reviews_us_Books_v1_02.tsv | cut -c 99 > CUSTOMERS/12706615.txt
  389  cat CUSTOMERS/12703090.txt
  390  cd CUSTOMERS/
  391  touch 12703090.txt
  392  cd
  393  grep "12703090" amazon_reviews_us_Books_v1_02.tsv | cut -c 99 > CUSTOMERS/12706615.txt
  394  cd
  395  cd CUSTOMERS/
  396  cat 12703090.txt
  397  ]
  398   grep "12076615" amazon_reviews_us_Books_v1_02.tsv | cut -c 99 > CUSTOMERS/12076615.txt
  399  cat CUSTOMERS/12076615.txt
  400  cd
  401  cat CUSTOMERS/12076615.txt
  402  cat CUSTOMERS/12703090.txt 
  403  grep "12703090" amazon_reviews_us_Books_v1_02.tsv | cut -c 99 > CUSTOMERS/12703090.txt
  404  cat CUSTOMERS/12703090.txt 
  405  grep "12703090" amazon_reviews_us_Books_v1_02.tsv | cut -c 99
  406  grep "12703090" amazon_reviews_us_Books_v1_02.tsv
  407  grep "12703090" amazon_reviews_us_Books_v1_02.tsv | cut -c 80-90
  408  grep "12703090" amazon_reviews_us_Books_v1_02.tsv | cut -c 99-100
  409  grep "12703090" amazon_reviews_us_Books_v1_02.tsv | cut -c 99-110
  410  grep "12703090" amazon_reviews_us_Books_v1_02.tsv | cut -c 100
  411  grep "12703090" amazon_reviews_us_Books_v1_02.tsv | cut -c 100 > CUSTOMERS/12703090.txt
  412  cat CUSTOMERS/12703090.txt 
  413  cd
  414  cd CUSTOMERS/
  415  touch 50732546.txt
  416  cd
  417   
  418  cat CUSTOMERS/50732546.txt 
  419  grep "50732546" amazon_reviews_us_Books_v1_02.tsv
  420  head amazon_reviews_us_Books_v1_02.tsv
  421  grep "0385730586" amazon_reviews_us_Books_v1_02.tsv
  422  cat CUSTOMERS/12703090.txt 
  423  grep "12703090" amazon_reviews_us_Books_v1_02.tsv | cut -c 100 > CUSTOMERS/12703090.txtgrep "12703090" amazon_reviews_us_Books_v1_02.tsv | cut -c 100 > CUSTOMERS/12703090.txt
  424  head amazon_reviews_us_Books_v1_02.tsv
  425  grep "53000124" amazon_reviews_us_Books_v1_02.tsv
  426  grep "53000124" amazon_reviews_us_Books_v1_02.tsv | cut -c 99
  427  grep "53000124" amazon_reviews_us_Books_v1_02.tsv | cut -f 9
  428  less ws4.txt
  429  vi ~/.bashrc
  430  mkdir CUSTOMERS
  431  mkdir PRODUCTS
  432  head amazon_reviews_us_Books_v1_02.tsv
  433  cd CUSTOMERS/
  434  touch 12076615.txt
  435  cd
  436  grep "12076615" amazon_reviews_us_Books_v1_02.tsv | cut -f 9 > CUSTOMERS/12076615.txt
  437  cat CUSTOMERS/12076615.txt
  438  CUSTOMERS/12076615.txt
  439  cd CUSTOMERS/
  440  touch 51964897.txt
  441  cd
  442  grep "51964897" amazon_reviews_us_Books_v1_02.tsv | cut -f 9 > CUSTOMERS/51964897.txt
  443  cat CUSTOMERS/51964897.txt 
  444  cd CUSTOMERS/
  445  touch 12257412.txt
  446  cd
  447  grep "12257412" amazon_reviews_us_Books_v1_02.tsv | cut -f 9 > CUSTOMERS/12257412.txt
  448  cat CUSTOMERS/12257412.txt 
  449  cd PRODUCTS/
  450  touch 0385730586.txt
  451  cd
  452  grep "0385730586" amazon_reviews_us_Books_v1_02.tsv | cut -f 9 > PRODUCTS/0385730586.txt
  453  cat PRODUCTS/0385730586.txt
  454  cd PRODUCTS/
  455  touch 0811828964.txt
  456  grep "0811828964" amazon_reviews_us_Books_v1_02.tsv | cut -f 9 > PRODUCTS/0811828964.txt
  457  cd
  458  grep "0811828964" amazon_reviews_us_Books_v1_02.tsv | cut -f 9 > PRODUCTS/0811828964.txt
  459  cd PRODUCTS/
  460  touch 0262181533.txt
  461  cd
  462  grep "0262181533" amazon_reviews_us_Books_v1_02.tsv | cut -f 9 > PRODUCTS/0262181533.txt
  463  cat PRODUCTS/0262181533.txt
  464  less worksheet4.txt
  465  script worksheet4.txt
  466  git add worksheet4.txt 
  467  git add CUSTOMERS/12076615.txt
  468  git add CUSTOMERS/51964897.txt
  469  git add CUSTOMERS/12257412.txt
  470  PRODUCTS/0811828964.txt
  471  git add PRODUCTS/0811828964.txt
  472  git add PRODUCTS/0262181533.txt
  473  git add [jeremiah@sjsu ~]$
  474  git add PRODUCTS/0262181533.txt 
  475  touch README.txt
  476  echo 'The mean helpfulness values should differ significantly because some people give bad reviews' >> README.txt
  477  cat README.txt
  478  git add README.txt 
  479  history > cmds.log
  480  git add cmds.log 
  481  git commit -m "Worksheet 4"
  482  git remote add origin https://github.com/Shinwonryu/ws4.git
  483  git branch -M main
  484  git push -u origin main
  485  git remote add origin https://github.com/Shinwonryu/ws4.git
  486  git branch -M main
  487  git push -u origin main
  488  git status
  489  git rm counts.txt
  490  git rm a1.txt 
  491  git rm --cached a1.txt
  492  git commit
  493  git pull worksheet4.txt
  494  git add worksheet4.txt 
  495  git pull worksheet4.txt
  496  git remote add origin https://github.com/Shinwonryu/ws4.git
  497  git branch -M main
  498  git push -u origin main
  499  git init
  500  git add README.md
  501  git commit -m "first commit"
  502  git branch -M main
  503  git remote add origin https://github.com/Shinwonryu/ws4.git
  504  git branch -M main
  505  git push -u origin main
  506  git pull
  507  git remote add origin https://github.com/Shinwonryu/ws4.git
  508  git branch -M main
  509  git remote add origin https://github.com/Shinwonryu/ws4.git
  510  git branch -M main
  511  git remote add origin https://github.com/Shinwonryu/ws4.git
  512  git branch -M main
  513  git push -u origin main
  514  git add worksheet4.txt 
  515  git add cmds.log 
  516  git add README.txt
  517  git commit
  518  git remote add origin https://github.com/Shinwonryu/ws4.git
  519  git branch -M main
  520  git push -u origin main
  521  rm -rf .git
  522  cat .git/CONFIG
  523  /home/test/A1/downloaded_tweets_extend_nolf2.tsv
  524  cp /home/test/A1/downloaded_tweets_extend_nolf2.tsv
  525  cp /home/test/A1/downloaded_tweets_extend_nolf2.tsv /home/jeremiah/
  526  cp /home/test/A1/downloaded_tweets_extend_original_nolf2.tsv /home/jeremiah/
  527  head downloaded_tweets_extend_
  528  cd home
  529  head downloaded_tweets_extend_nolf2.tsv 
  530  head downloaded_tweets_extend_original_nolf2.tsv 
  531  less downloaded_tweets_extend_original_nolf2.tsv
  532  grep "@" downloaded_tweets_extend_original_nolf2.tsv | sort | uniq -c | sort -nr -k1 | head
  533  grep "@" downloaded_tweets_extend_original_nolf2.tsv | sort | uniq -c | sort -nr -k1 | head 10
  534  grep "@" downloaded_tweets_extend_original_nolf2.tsv | sort | uniq -c | sort -nr -k1 | head
  535  head downloaded_tweets_extend_original_nolf2.tsv
  536  less downloaded_tweets_extend_original_nolf2.tsv 
  537  grep "type=replied_to" downloaded_tweets_extend_original_nolf2.tsv | sort | uniq -c | sort -nr -k1 | head
  538  grep "retweet" downloaded_tweets_extend_nolf2.tsv | sort | uniq -c | sort -nr -k1 | head
  539  less downloaded_tweets_extend_nolf2.tsv 
  540  cut -f 4 downloaded_tweets_extend_original_nolf2.tsv | sort | uniq -c | sort -nr -k1 | head
  541  grep "retweet" downloaded_tweets_extend_original_nolf2.tsv | cut -f 4 | sort | uniq -c | sort -nr -k1 | head
  542  grep "type=replied_to" downloaded_tweets_extend_original_nolf2.tsv | cut -f 4 | sort | uniq -c | sort -nr -k1 | head
  543  grep "type=replied_to" downloaded_tweets_extend_original_nolf.tsv | cut -f 4 | sort | uniq -c | sort -nr -k1 | head
  544  grep "type=replied_to" downloaded_tweets_extend_nolf2.tsv | cut -f 4 | sort | uniq -c | sort -nr -k1 | head
  545  grep "type=quote" downloaded_tweets_extend_nolf.csv | cut -f 4 | sort | uniq -c | sort -nr -k1 | head
  546  grep "type=quote" downloaded_tweets_extend_nolf2.csv | cut -f 4 | sort | uniq -c | sort -nr -k1 | head
  547  grep "type=replied_to" downloaded_tweets_extend_nolf2.tsv | cut -f 4 | sort | uniq -c | sort -nr -k1 | head
  548   grep "type=quote" downloaded_tweets_extend_nolf2.tsv | cut -f 4 | sort | uniq -c | sort -nr -k1 | head
  549  grep "type=replied_to" downloaded_tweets_extend_nolf2.csv | cut -f 4 | sort | uniq -c | sort -nr -k1 | head
  550   grep "type=quote" downloaded_tweets_extend_nolf2.tsv | cut -f 4 | sort | uniq -c | sort -nr -k1 | head
  551  grep "type=replied_to" downloaded_tweets_extend_nolf2.tsv | cut -f 4 | sort | uniq -c | sort -nr -k1 | head
  552  grep "retweet" downloaded_tweets_extend_nolf2.tsv | sort | uniq -c | sort -nr -k1 | head
  553  grep "@" downloaded_tweets_extend_original_nolf2.tsv | sort | uniq -c | sort -nr -k1 | head
  554  grep "type=replied_to" downloaded_tweets_extend_original_nolf2.tsv | sort | uniq -c | sort -nr -k1 | head
  555  grep "retweet" downloaded_tweets_extend_nolf2.tsv | sort | uniq -c | sort -nr -k1 | head
  556  cut -f 4 downloaded_tweets_extend_nolf2.tsv | sort | uniq -c | sort -nr -k1 | head
  557  grep "retweet" downloaded_tweets_extend_nolf2.tsv | cut -f 4 | sort | uniq -c | sort -nr -k1 | head
  558  grep "type=replied_to" downloaded_tweets_extend_nolf2.tsv | cut -f 4 | sort | uniq -c | sort -nr -k1 | head
  559  grep "type=quote" downloaded_tweets_extend_nolf2.tsv | cut -f 4 | sort | uniq -c | sort -nr -k1 | head
  560  script a2.txt
  561  vi a2.txt 
  562  cat a2.txt 
  563  git add a2.txt 
  564  git status
  565  git remote add origin https://github.com/Shinwonryu/A2.git
  566  git branch -M main
  567  git push -u origin main
  568  git add a2.txt 
  569  git init
  570  git add a2.txt 
  571  git commit
  572  git commit -m "Assignment 2"
  573  git remote add origin https://github.com/Shinwonryu/A2.git
  574  git branch -M main
  575  git push -u origin main
  576  grep "type=replied_to" downloaded_tweets_extend_nolf2.tsv | cut -f 6 | sort | uniq -c | sort -nr -k1 | head
  577  grep "type=quote" downloaded_tweets_extend_nolf2.tsv | cut -f 4 | sort | uniq -c | sort -nr -k1 | head
  578  head downloaded_tweets_extend_original_nolf2.tsv
  579  cut -c 19  downloaded_tweets_extend_original_nolf2.tsv
  580  cut -c 0-19  downloaded_tweets_extend_original_nolf2.tsv
  581  cut -f 19  downloaded_tweets_extend_original_nolf2.tsv
  582  grep "type=replied_to" downloaded_tweets_extend_nolf2.tsv | sort | uniq -c | sort -nr -k1 | head
  583  cut downloaded_tweets_extend_original_nolf2.tsv
  584  grep "type=replied_to" downloaded_tweets_extend_nolf2.tsv | cut -f 4 | sort | uniq -c | sort -nr -k1 | head
  585  cut -c 0-19 downloaded_tweets_extend_nolf2.tsv | head
  586  head downloaded_tweets_extend_original_nolf2.tsv
  587  grep "type=replied_to" downloaded_tweets_extend_nolf2.tsv | cut -f 4 | sort | uniq -c | sort -nr -k1 | head
  588  grep "type=replied_to" downloaded_tweets_extend_nolf2.tsv | cut -c 1-19 | sort | uniq -c | sort -nr -k1 | head
  589  grep "type=replied_to" downloaded_tweets_extend_nolf2.tsv | cut -c 1-19 | head
  590  grep "1520168272896962562" downloaded_tweets_extend_nolf2.tsv |grep "type=replied_to" | cut -c 1-19 | head
  591  grep "type=replied_to" downloaded_tweets_extend_nolf2.tsv  | uniq -c | sort -nr -k1 | head
  592  grep "type=replied_to" downloaded_tweets_extend_nolf2.tsv | cut -f 4 | sort | uniq -c | sort -nr -k1 | head
  593  grep "type=replied_to" downloaded_tweets_extend_nolf2.tsv | cut -f 3 | sort | uniq -c | sort -nr -k1 | head
  594  head downloaded_tweets_extend_original_nolf2.tsv
  595  grep "type=replied_to" downloaded_tweets_extend_nolf2.tsv | cut -f 6 | sort | uniq -c | sort -nr -k1 | head
  596  grep "type=replied_to" downloaded_tweets_extend_nolf2.tsv | cut -f 6 | sort | uniq -c | sort -nr -k1 | grep "3"
  597  grep "type=replied_to" downloaded_tweets_extend_nolf2.tsv | cut -f 6 | sort | uniq -c | sort -nr -k1 | head
  598  binwidth=5
  599  bin(x,width)=width*floor(x/width)
  600  bin(x,width)
  601  plot downloaded_tweets_extend_nolf2.tsv 
  602  plot downloaded_tweets_extend_nolf2.tsv using (bin($1,binwidth)):(1.0) smooth freq with boxes
  603  plot downloaded_tweets_extend_nolf2.tsv using bin($1,binwidth):(1.0) smooth freq with boxes
  604  plot 'datafile' using bin($1,binwidth):(1.0) smooth freq with boxes
  605  plot 'datafile' using bin$1,binwidth:1.0 smooth freq with boxes
  606  gnuplot
  607  sudo apt-get install gnuplot
  608  script a3.txt
  609  vi a3.txt 
  610  git add a3.txt 
  611  git commit
  612  git commit -m "Assignment 3"
  613  git remote add origin https://github.com/Shinwonryu/A3.git
  614  git branch -M main
  615  git push -u origin main
  616  grep "1520168272896962562" downloaded_tweets_extend_nolf2.tsv |grep "type=replied_to" | cut -c 1-19 | head 100
  617  grep "1520168272896962562" downloaded_tweets_extend_nolf2.tsv |grep "type=replied_to" | cut -c 1-19 | head -100
  618  cut -c 1-19 downloaded_tweets_extend_nolf2.tsv | sort | uniq -c | sort -nr -k1 | head -100
  619  cut -c 1-19 downloaded_tweets_extend_nolf2.tsv | uniq -c | sort -nr -k1 | head
  620  cut -c 3-11 amazon_reviews_us_Books_v1_02.tsv | sort | uniq -c | sort -nr -k1 | head
  621  cut -c 1-19 downloaded_tweets_extend_nolf2.tsv | sort | uniq -c | sort -nr -k1 | head
  622  cut -c 1-19 downloaded_tweets_extend_nolf2.tsv | sort | uniq -c | sort -nr -k1 | tail
  623  for i in {1...5}; do cut -c 1-19 downloaded_tweets_extend_nolf2.tsv | sort | uniq -c | sort -nr -k1; done
  624  for i in {1...1000}; do cut -f 1 downloaded_tweets_extend_nolf2.tsv | sort | uniq -c | sort -nr -k1; done
  625  cut -f 1 downloaded_tweets_extend_nolf2.tsv | sort | uniq -c | sort -nr -k1
  626  cut -f 1 downloaded_tweets_extend_nolf2.tsv | sort | uniq -c | sort -nr -k1|head
  627  for i in {1...1000}; do cut -f 1 downloaded_tweets_extend_nolf2.tsv | sort | uniq -c | sort -nr -k1| head -1; done
  628  for i in {1...1000}; do cut -f 1 downloaded_tweets_extend_nolf2.tsv | sort | uniq -c | sort -nr -k1| head -$i; done
  629  for i in {1...1000}; do cut -f 1 downloaded_tweets_extend_nolf2.tsv | sort | uniq -c | sort -nr -k1| head -i; done
  630  for i in {1...1000}; do cut -f 1 downloaded_tweets_extend_nolf2.tsv | sort | uniq -c | sort -nr -k1| head -$i; done
  631  cut -c 3-11 amazon_reviews_us_Books_v1_02.tsv | sort | uniq -c | sort -nr -k1 | head
  632  for i in {1...1000}; do cut -c 3-11 amazon_reviews_us_Books_v1_02.tsv | sort | uniq -c | sort -nr -k1 | head ; done
  633  for i in {1...1000}; do cut -c 3-11 amazon_reviews_us_Books_v1_02.tsv | sort | uniq -c | head ; done
  634  for i in {1...1000}; do cut -c 3-11 amazon_reviews_us_Books_v1_02.tsv | sort | uniq -c | sed -n '{$i}p ; done
  635  dm
  636  s
  637  for i in {1...1000}; do cut -c 3-11 amazon_reviews_us_Books_v1_02.tsv | sort | uniq -c | head ; done
  638  for i in {1...1000}; do cut -c 3-11 amazon_reviews_us_Books_v1_02.tsv | sort | uniq -c | sort -nr -k1 | head ; donefor i in {1...1000}; do cut -c 3-11 amazon_reviews_us_Books_v1_02.tsv | sort | uniq -c | sort -nr -k1 | head ; done
  639  for i in {1...1000}; do cut -c 3-11 amazon_reviews_us_Books_v1_02.tsv | sort | uniq -c | sort -nr -k1 | head ; done
  640  for i in {1...1}; do cut -c 3-11 amazon_reviews_us_Books_v1_02.tsv | sort | uniq -c | sort -nr -k1 | head -1000 ; done
  641  script ws5.txt
  642  for i in {1...1}; do cut -c 3-11 amazon_reviews_us_Books_v1_02.tsv | sort | uniq -c | sort -nr -k1 | head ; done
  643  for i in {1...1}; do cut -c 3-11 amazon_reviews_us_Books_v1_02.tsv | sort | uniq -c | sort -nr -k1 | head -1000 ; done
  644  history > cmds.log
  645  git push cmds.log
  646  git push ws5.txt
  647  git add ws5.txt 
  648  git push ws5.txt
  649  git pull
  650  git push ws5.txt
  651  echo "# ws5" >> README.md
  652  git init
  653  git add README.md
  654  git commit -m "first commit"
  655  git branch -M main
  656  git remote add origin https://github.com/Shinwonryu/ws5.git
  657  git push -u origin main
  658  export DATETIME=`date "+%Y%m%d_%H%M%S"
  659  i
  660  export DATETIME = `date "+%Y%m%d%_%H%M%S%"`
  661  export DATETIME = `date "+%Y%m%d%_%H%M%S"`
  662  export DATETIME = date "+%Y%m%d%_%H%M%S"
  663  export DATETIME=`date "+%Y%m%d_%H%M%S"`
  664  cp PRODUCTS/productID.txt PRODUCTS/productID.DATETIME.txt
  665  head PRODUCTS/productID.txt
  666  cd PRODUCTS/
  667  head 0262181533.txt
  668  touch 0262181533.DATETIME.txt
  669  ln -s 0262181533.LATEST.txt 0262181533.DATETIME.txt
  670  ln -s 0262181533.DATETIME.txt 0262181533.LATEST.txt
  671  script ws6.txt
  672  export DATETIME=`date "+%Y%m%d_%H%M%S"`
  673  touch 0262181533.DATETIME.txt
  674  cd PRODUCTS/
  675  touch 0262181533.DATETIME.txt
  676  cp PRODUCTS/0262181533.txt PRODUCTS/0262181533.DATETIME.txt
  677  cp 0262181533.txt 0262181533.DATETIME.txt
  678  echo "5" >> 0262181533.DATETIME.txt
  679  ln -s 0262181533.DATETIME.txt 0262181533.LATEST.txt
  680  crontab -l
  681  crontab 0262181533.LATEST.txt
  682  crontab -e
  683  cd
  684  vi ws6.txt 
  685  less ws6.txt 
  686  history > cmds.log
  687  git add ws6.txt 
  688  git add cmds.log 
  689  git push
  690  git commit -m "ws6"
  691  git push
  692  fgrep "retweet" downloaded_tweets_extend_nolf2.tsv downloaded_tweets_extend_original_nolf2.tsv | cut -f 4 | sort | uniq -c | sort -nr -k1 | head
  693  fgrep "retweet" downloaded_tweets_extend_nolf2.tsv downloaded_tweets_extend_original_nolf2.tsv | cut -f 1 | sort | uniq -c | sort -nr -k1 | head
  694  head downloaded_tweets_extend_nolf2.tsv 
  695  fgrep "retweet" downloaded_tweets_extend_nolf2.tsv downloaded_tweets_extend_original_nolf2.tsv | sort | uniq -c | sort -nr -k1 | head
  696  fgrep "retweet" downloaded_tweets_extend_original_nolf2.tsv | cut -f 1 | sort | uniq -c | sort -nr -k1 | head
  697  grep "retweet" downloaded_tweets_extend_original_nolf2.tsv | cut -f 2 | sort | uniq -c | sort -nr -k1 | head
  698  grep "1231514832479948802" downloaded_tweets_extend_original_nolf2.tsv | sort | uniq -c | sort -nr -k1 | head
  699  head downloaded_tweets_extend_original_nolf2.tsv 
  700  grep "1231514832479948802" downloaded_tweets_extend_original_nolf2.tsv | cut -f 2 | sort | uniq -c | sort -nr -k1 | head
  701  grep "1231514832479948802" downloaded_tweets_extend_original_nolf2.tsv | cut -f 2 | head
  702  grep "1231514832479948802" downloaded_tweets_extend_original_nolf2.tsv | cut -f 6 | head
  703  grep "1231514832479948802" downloaded_tweets_extend_original_nolf2.tsv | cut -f 5 | head
  704  grep "1231514832479948802" downloaded_tweets_extend_original_nolf2.tsv | cut -f 4 | head
  705  grep "1231514832479948802" downloaded_tweets_extend_original_nolf2.tsv | cut -f 2 | head
  706  grep "1231514832479948802" downloaded_tweets_extend_original_nolf2.tsv | head
  707  grep "retweet" downloaded_tweets_extend_original_nolf2.tsv | cut -f 1 | sort | uniq -c | sort -nr -k1 | head
  708  grep "1231514832479948802" downloaded_tweets_extend_original_nolf2.tsv | cut -f 2 | head
  709  grep "1231514832479948802" downloaded_tweets_extend_original_nolf2.tsv | cut -f 1 | head
  710  head amazon_reviews_us_Books_v1_02.tsv
  711  grep "1231514832479948802" downloaded_tweets_extend_original_nolf2.tsv | cut -f 2 | head
  712  grep "0385730586" amazon_reviews_us_Books_v1_02.tsv | cut -f 14 | head
  713  grep "0385730586" amazon_reviews_us_Books_v1_02.tsv | cut -f 14 | headgrep "0385730586" amazon_reviews_us_Books_v1_02.tsv | cut -f 14 | head
  714  grep "0385730586" amazon_reviews_us_Books_v1_02.tsv | cut -f 14 | head
  715  grep "0385730586" amazon_reviews_us_Books_v1_02.tsv | cut -f 14 | tr -d “,” | tr -d “.” | tr -d “;” | tr -d “and” | tr -d “or” | tr -d “in” | tr -d “it” | head 1
  716  grep "0385730586" amazon_reviews_us_Books_v1_02.tsv | cut -f 14 | tr -d “,” | tr -d “.” | tr -d “;” | tr -d “and” | tr -d “or” | tr -d “in” | tr -d “it” | head -n 1
  717  grep "0385730586" amazon_reviews_us_Books_v1_02.tsv | cut -f 14 | sed ‘/<.../>/d’ 
  718  grep "0385730586" amazon_reviews_us_Books_v1_02.tsv | cut -f 14 | sed /<.../>/d
  719  grep "0385730586" amazon_reviews_us_Books_v1_02.tsv | cut -f 14 | sed ‘<.../>d’ 
  720  grep "0385730586" amazon_reviews_us_Books_v1_02.tsv | cut -f 14 | sed <.../>
  721  grep "0385730586" amazon_reviews_us_Books_v1_02.tsv | cut -f 14 | sed '<.../>'
  722  grep "0385730586" amazon_reviews_us_Books_v1_02.tsv | cut -f 14 | sed '<.../>d'
  723  grep "0385730586" amazon_reviews_us_Books_v1_02.tsv | cut -f 14 | sed '/<...>/d'
  724  grep "0385730586" amazon_reviews_us_Books_v1_02.tsv | cut -f 14 | sed '/<...>/d' | head -n 1
  725  grep "0385730586" amazon_reviews_us_Books_v1_02.tsv | cut -f 14 | tr -d “,” | tr -d “.” | tr -d “;” | tr -d “and” | tr -d “or” | tr -d “in” | tr -d “it” | sed '/<...>/d' | head -n 1
  726  grep "0385730586" amazon_reviews_us_Books_v1_02.tsv | cut -f 14 | tr -d “,” | tr -d “.” | tr -d “;” | tr -d “and” | tr -d “or” | tr -d “in” | tr -d “it”
  727  grep "0385730586" amazon_reviews_us_Books_v1_02.tsv | cut -f 14 | tr -d ‘,’ | tr -d ‘.’ | tr -d ‘;’ | tr -d ‘and’ | tr -d ‘or’ | tr -d ‘in’ | tr -d ‘it’ | sed '/<...>/d' | head -n 1
  728  grep "0385730586" amazon_reviews_us_Books_v1_02.tsv | cut -f 14 | tr -d ‘,’ | tr -d ‘.’ | tr -d ‘;’ | tr -d ‘and’ | tr -d ‘or’ | tr -d ‘in’ | tr -d ‘it’ | sed '/<.../>/d' | head -n 1
  729  grep "0385730586" amazon_reviews_us_Books_v1_02.tsv | cut -f 14
  730  grep "0385730586" amazon_reviews_us_Books_v1_02.tsv | cut -f 14 | tr -d ‘,'
  731  grep "0385730586" amazon_reviews_us_Books_v1_02.tsv | cut -f 14 | tr -d ‘,'
  732  grep "0385730586" amazon_reviews_us_Books_v1_02.tsv | cut -f 14
  733  grep "0385730586" amazon_reviews_us_Books_v1_02.tsv | cut -f 14 | tr -d ‘,’
  734  grep "0385730586" amazon_reviews_us_Books_v1_02.tsv | cut -f 14 | tr -d ‘,’ | tr -d ‘.’ | tr -d ‘;’ | tr -d ‘and’ | tr -d ‘or’ | tr -d ‘in’ | tr -d ‘it’
  735  grep "0385730586" amazon_reviews_us_Books_v1_02.tsv | cut -f 14 | tr -d ‘,’ | tr -d ‘.’
  736  grep "0385730586" amazon_reviews_us_Books_v1_02.tsv | cut -f 14 | tr -d ‘,’ | tr -d ‘.’ | tr -d
  737  grep "0385730586" amazon_reviews_us_Books_v1_02.tsv | cut -f 14 | tr -d ‘,’ | tr -d ‘.’ | tr -d ‘and’ | tr -d ‘or’ | tr -d ‘in’ | tr -d ‘it’ | sed '/<.../>/d' | head -n 1
  738  grep "0385730586" amazon_reviews_us_Books_v1_02.tsv | cut -f 14 | tr -d ‘,’ | tr -d ‘.’ | tr -d ‘and’ | tr -d ‘or’ | tr -d ‘in’ | tr -d ‘it’ | sed '/<...>/d' | head -n 1
  739  grep "0385730586" amazon_reviews_us_Books_v1_02.tsv | cut -f 14 | tr -d ‘,’ | tr -d ‘.’ | tr -d ‘and’ | tr -d ‘or’ | tr -d ‘in’ | tr -d ‘it’ | head -n 1
  740  grep "0385730586" amazon_reviews_us_Books_v1_02.tsv | cut -f 14 | tr -d ‘,’ | tr -d ‘.' | head -n 1
  741  grep "0385730586" amazon_reviews_us_Books_v1_02.tsv | cut -f 14 | tr -d ‘,’ | tr -d ‘.' | head -n 1
  742  grep "0385730586" amazon_reviews_us_Books_v1_02.tsv | cut -f 14 | tr -d ‘,’ | tr -d ‘.’ | sed '/<...>/d' | head -n 1
  743  grep "0385730586" amazon_reviews_us_Books_v1_02.tsv | cut -f 14 | tr -d ‘,’ | tr -d ‘.’ | head -n 1
  744  yet Titantic was *one* of the biggest chick-flicks This book is definetely reserved for girlies who have an itch for pants *raises hand* I was right on my first instinct for once This book made me cry laugh swear and at the same time (0o0)\<BR>       Carmen the one with the body the emotions and the arm that can win a warLena the goddess of beuty of distrust but of neatness and maturityBee the one person who lost but found runs without thinking but with actionsand Tibby a girl who realizes how horrible and wonderful a girl can beThese four friends made me realize not only how important mine are but
  745  grep "0385730586" amazon_reviews_us_Books_v1_02.tsv | cut -f 14 | tr -d ‘,’ | tr -d ‘.’ | head -n 1
  746  grep "0385730586" amazon_reviews_us_Books_v1_02.tsv | cut -f 14 | tr -d ‘,’ | tr -d ‘.’ | sed '/<...>/d' | head -n 1
  747  grep "0385730586" amazon_reviews_us_Books_v1_02.tsv | cut -f 14 | tr -d ‘,’ | tr -d ‘.’ | sed '/<...>/d' | head -n 1grep "0385730586" amazon_reviews_us_Books_v1_02.tsv | cut -f 14 | tr -d ‘,’ | tr -d ‘.’ | sed '/<...>/d' | head -n 1
  748  touch newfile.txt
  749  grep "0385730586" amazon_reviews_us_Books_v1_02.tsv | cut -f 14 | tr -d ‘,’ | tr -d ‘.’ | sed '/<...>/d' | head -n 1 > newfile.txt
  750  cat newfile.txt 
  751  touch thefile.txt
  752  grep "0385730586" amazon_reviews_us_Books_v1_02.tsv | cut -f 14 | tr -d ‘,’ | tr -d ‘.’ | sed '/<...>/d' | head -n 1 > thefile.txt
  753  cat thefile.txt 
  754  script ws7.txt
  755  history > cmds.log
  756  git add ws7.txt 
  757  git add cmds.log 
  758  git push ws7.txt
  759  git push
  760  git commit -m "ws7"
  761  git remote add origin https://github.com/Shinwonryu/A7.git
  762  git branch -M main
  763  git push -u origin main
  764  touch theverified.txt
  765  awk '/verified/ {print}' amazon_reviews_us_Books_v1_02.tsv > theverified.txt
  766  cat theverified.txt
  767  head amazon_reviews_us_Books_v1_02.tsv
  768  grep -f 12 "Y" amazon_reviews_us_Books_v1_02.tsv
  769  awk FS -12 '/verified/ {print}' amazon_reviews_us_Books_v1_02.tsv > theverified.txt
  770  awk 'FS = 12 /verified/ {print}' amazon_reviews_us_Books_v1_02.tsv > theverified.txt
  771  awk 'FS - 12 /verified/ {print}' amazon_reviews_us_Books_v1_02.tsv > theverified.txt
  772  awk 'FS 12 /verified/ {print}' amazon_reviews_us_Books_v1_02.tsv > theverified.txt
  773  awk 'BEGIN {FS="-"} {print $2}
  774  ewe
  775  dwd
  776  dew
  777  e
  778  awk 'BEGIN {FS="-"} {p
  779  awk 'FS 12 /verified/ {print}' amazon_reviews_us_Books_v1_02.tsv > theverified.txt
  780  awk -F '-' '{print $2}' amazon_reviews_us_Books_v1_02.tsv
  781  awk -F ' '{print $12}' amazon_reviews_us_Books_v1_02.tsv
  782  awk 'FS 12 /verified/ {print}' amazon_reviews_us_Books_v1_02.tsv > theverified.txt
  783  awk -F '-' '{print $2}' amazon_reviews_us_Books_v1_02.tsv
  784  xsqacx
  785  aqc
  786  qac
  787  awk -F '-' '{print $2}' amazon_reviews_us_Books_v1_02.tsv
  788  cat theverified.txt
  789  awk -F ' '{print $12}' amazon_reviews_us_Books_v1_02.tsv
  790  awk 'FS 12 /verified/ {print}' amazon_reviews_us_Books_v1_02.tsv > theverified.txt
  791  awk -F '-' '{print $2}' amazon_reviews_us_Books_v1_02.tsv
  792  xsqacx
  793  aqc
  794  qac
  795  awk -F '-' '{print $2}' amazon_reviews_us_Books_v1_02.tsv
  796  cat theverified.txt
  797  awk -F '-' '{print $12}' amazon_reviews_us_Books_v1_02.tsv
  798  awk -F '' '{print $12}' amazon_reviews_us_Books_v1_02.tsv
  799  awk -F ' '{print $12}' amazon_reviews_us_Books_v1_02.tsv
  800  awk -F '-' '{print $11}' amazon_reviews_us_Books_v1_02.tsv
  801  awk -F '-' '{print $13}' amazon_reviews_us_Books_v1_02.tsv
  802  awk -F '-' '{print $14}' amazon_reviews_us_Books_v1_02.tsv
  803  awk -F '-' '{print}' amazon_reviews_us_Books_v1_02.tsv
  804  awk 'FS - 12 /verified/ {print}' amazon_reviews_us_Books_v1_02.tsv
  805  awk '/verified/ {print}' amazon_reviews_us_Books_v1_02.tsv
  806  cut -f 12 amazon_reviews_us_Books_v1_02.tsv | awk '/Y/ {print}'
  807  head amazon_reviews_us_Books_v1_02.tsv
  808  grep "       Y       Y       "  amazon_reviews_us_Books_v1_02.tsv | awk '/Y/ {print}'
  809  grep "       Y       Y       "  amazon_reviews_us_Books_v1_02.tsv | awk  {print
  810  grep "       Y       Y       "  amazon_reviews_us_Books_v1_02.tsv | head
  811  grep "Y       Y"  amazon_reviews_us_Books_v1_02.tsv | head
  812  grep "Y      Y"  amazon_reviews_us_Books_v1_02.tsv | head
  813  grep "Y Y"  amazon_reviews_us_Books_v1_02.tsv | head
  814  grep "N       N"  amazon_reviews_us_Books_v1_02.tsv | head
  815  cut -f 12 amazon_reviews_us_Books_v1_02.tsv | awk '/Y/ {print}'
  816  awk '/N       N/ {print}' amazon_reviews_us_Books_v1_02.tsv
  817  awk '/N/ {print}' amazon_reviews_us_Books_v1_02.tsv
  818  awk '/N	N/ {print}' amazon_reviews_us_Books_v1_02.tsv
  819  awk '/N	N/ {print}' amazon_reviews_us_Books_v1_02.tsv  > theverified.txt
  820  sort amazon_reviews_us_Books_v1_02.tsv | uniq -c | sort -nr -k1 | head n -100
  821  sort amazon_reviews_us_Books_v1_02.tsv | uniq -c | sort -nr -k1 | head n -10
  822  sort amazon_reviews_us_Books_v1_02.tsv | uniq -c | sort -nr -k1 | head
  823   uniq -c amazon_reviews_us_Books_v1_02.tsv|sort | head
  824  cat amazon_reviews_us_Books_v1_02.tsv | tr -c '[:alnum:]' '[\n*]' | uniq -c | sort -nr | head  -10
  825  tr -cs A-Za-z '\n' amazon_reviews_us_Books_v1_02.tsv | tr A-Z a-z | sort | uniq -c | sort -rn | sed 10q
  826  head n -100 amazon_reviews_us_Books_v1_02.tsv | sort | uniq -c | sort -nr -k1 | head n -100
  827  head amazon_reviews_us_Books_v1_02.tsv | sort | uniq -c | sort -nr -k1 | head
  828  head amazon_reviews_us_Books_v1_02.tsv | sort | uniq -c | sort -nr -k1
  829  head -100 | tr -c '[:alnum:]' '[\n*]' | uniq -c | sort -nr | head
  830  head -100 amazon_reviews_us_Books_v1_02.tsv | tr -c '[:alnum:]' '[\n*]' | uniq -c | sort -nr | head
  831  head -100 amazon_reviews_us_Books_v1_02.tsv | uniq -c | sort -nr | head
  832  head -100 amazon_reviews_us_Books_v1_02.tsv | tr -c '[\n*]' | uniq -c | sort -nr | head
  833   sed -e 's/[^[:alpha:]]/ /g' text_to_analize.txt | tr '\n' " " |  tr -s " " | tr " " '\n'| tr 'A-Z' 'a-z' | sort | uniq -c | sort -nr | nl 
  834   sed -e 's/[^[:alpha:]]/ /g' amazon_reviews_us_Books_v1_02.tsv | tr '\n' " " |  tr -s " " | tr " " '\n'| tr 'A-Z' 'a-z' | sort | uniq -c | sort -nr | nl 
  835  head amazon_reviews_us_Books_v1_02.tsv| sed -e 's/[^[:alpha:]]/ /g' | tr '\n' " " |  tr -s " " | tr " " '\n'| tr 'A-Z' 'a-z' | sort | uniq -c | sort -nr | nl 
  836   head amazon_reviews_us_Books_v1_02.tsv| sed -e 's/[^[:alpha:]]/ /g' | tr '\n' " " |  tr -s " " | tr " " '\n'| tr 'A-Z' 'a-z' | sort | uniq -c | sort -nr | nl
  837  script ws8.txt
  838  touch verified.txt
  839  touch unverified.txt
  840  awk '/N      N/ {print}' amazon_reviews_us_Books_v1_02.tsv  > verified.txt
  841  awk '/unverified/ {print}' amazon_reviews_us_Books_v1_02.tsv > unverified.txt
  842  rm unverified.txt 
  843  touch unverified.txt
  844  rm verified.txt 
  845  touch verified.txt
  846  awk '/N      Y/ {print}' amazon_reviews_us_Books_v1_02.tsv  > verified.txt
  847  awk '/Y      Y/ {print}' amazon_reviews_us_Books_v1_02.tsv  > verified.txt
  848  awk '/Y      N/ {print}' amazon_reviews_us_Books_v1_02.tsv  > unverified.txt
  849  awk '/N      N/ {print}' amazon_reviews_us_Books_v1_02.tsv  > unverified.txt
  850  head verified.txt | sed -e 's/[^[:alpha:]]/ /g' | tr '\n' " " |  tr -s " " | tr " " '\n'| tr 'A-Z' 'a-z' | sort | uniq -c | sort -nr | nl
  851  head verified.txt 
  852  head verified.txt 
  853  rm verified.txt 
  854  rm unverified.txt 
  855  touch verified.txt
  856  touch unverified.txt
  857  awk '/N	Y/ {print}' amazon_reviews_us_Books_v1_02.tsv  > verified.txt
  858  awk '/Y	Y/ {print}' amazon_reviews_us_Books_v1_02.tsv  > verified.txt
  859  awk '/Y	N/ {print}' amazon_reviews_us_Books_v1_02.tsv  > unverified.txt
  860  awk '/N	N/ {print}' amazon_reviews_us_Books_v1_02.tsv  > unverified.txt
  861  head verified.txt | sed -e 's/[^[:alpha:]]/ /g' | tr '\n' " " |  tr -s " " | tr " " '\n'| tr 'A-Z' 'a-z' | sort | uniq -c | sort -nr | nl
  862  head unverified.txt | sed -e 's/[^[:alpha:]]/ /g' | tr '\n' " " |  tr -s " " | tr " " '\n'| tr 'A-Z' 'a-z' | sort | uniq -c | sort -nr | nl
  863  cat ws8.txt 
  864  rm ws8.txt
  865  script ws8.txt
  866  history > cmds.log
  867  git add ws8.txt 
  868  git add cmds.log 
  869  git push
  870  git commit -m ws8
  871  git remote add origin https://github.com/Shinwonryu/ws8.git
  872  git branch -M main
  873  git push -u origin main
  874  gnuplot-5.4.4.tar.gz
  875  cd gnuplot-5.4.4 ; ./configure ; make
  876  make check
  877  cd src
  878  # cd src
  879  # ./gnuplot
  880  > set terminal svg
  881  cd gnuplot-5.4.4 ; ./configure ; make
  882  gnuplot-5.4.5.tar.gz
  883  gnuplot-5.4 patchlevel 5.tar.gz
  884  cd gnuplot-5.4.2 ; ./configure ; make
  885  tar zxvf gnuplot-5.4.4.tar.gz
  886  wget url
  887  wget https://sourceforge.net/projects/gnuplot/files/latest/download
  888  tar zxvf gnuplot-5.4.4.tar.gz
  889  sftp jeremiah@172.31.197.164
  890  /etc/gnuplot-5.4.4/src/gnuplot
  891  grep "1231514832479948802" downloaded_tweets_extend_original_nolf2.tsv | cut -f 2 | head -100
  892  head downloaded_tweets_extend_nolf2.tsv 
  893  grep "1520543208614334465" downloaded_tweets_extend_original_nolf2.tsv | cut -f 2 | head -100
  894  grep "1520503332246376448" downloaded_tweets_extend_original_nolf2.tsv | cut -f 2 | head -100
  895  grep "1520503332246376448" downloaded_tweets_extend_original_nolf2.tsv | cut -f 5 | head -100
  896  cut -f 5 downloaded_tweets_extend_original_nolf2.tsv | head
  897  cut -f 6 downloaded_tweets_extend_original_nolf2.tsv | head
  898  cut -f 7 downloaded_tweets_extend_original_nolf2.tsv | head
  899  cut -f 8 downloaded_tweets_extend_original_nolf2.tsv | head
  900  cut -f 9 downloaded_tweets_extend_original_nolf2.tsv | head
  901  cut -f 10 downloaded_tweets_extend_original_nolf2.tsv | head
  902  grep "type=retweeted" downloaded_tweets_extend_original_nolf2.tsv | cut -f 6 | head
  903  grep "type=retweeted" downloaded_tweets_extend_original_nolf2.tsv | cut -f 7 | head
  904  grep "type=retweeted" downloaded_tweets_extend_original_nolf2.tsv | cut -f 5 | head
  905  grep "type=retweeted" downloaded_tweets_extend_original_nolf2.tsv | cut -f 2 | head
  906  grep "retweeted" downloaded_tweets_extend_original_nolf2.tsv | cut -f 2 | head
  907  grep "type=retweeted" downloaded_tweets_extend_original_nolf2.tsv | head
  908  head  downloaded_tweets_extend_original_nolf2.tsv 
  909  grep "type=retweeted" downloaded_tweets_extend_original_nolf2.tsv | head -100
  910  grep "1004656199885836288" downloaded_tweets_extend_original_nolf2.tsv | head
  911  grep "retweet" downloaded_tweets_extend_original_nolf2.tsv | head
  912  grep "type=replied_to" downloaded_tweets_extend_original_nolf2.tsv | head
  913  grep "type=retweeted" downloaded_tweets_extend_original_nolf2.tsv | head
  914  grep "type=retweet" downloaded_tweets_extend_original_nolf2.tsv | head
  915  head  downloaded_tweets_extend_original_nolf2.tsv 
  916  head  downloaded_tweets_extend_original_nolf2.tsv -100
  917  head  downloaded_tweets_extend_original_nolf2.tsv n-100
  918  head -100  downloaded_tweets_extend_original_nolf2.tsv 
  919  grep "type=quoted" downloaded_tweets_extend_original_nolf2.tsv | head
  920  grep "type=quoted" downloaded_tweets_extend_original_nolf2.tsv | cut -f 6 | head
  921  grep "type=quoted" downloaded_tweets_extend_original_nolf2.tsv | cut -f 5 | head
  922  grep "type=quoted" downloaded_tweets_extend_original_nolf2.tsv | cut -f 5 | cut -c  20-30 | head
  923  grep "type=quoted" downloaded_tweets_extend_original_nolf2.tsv | cut -f 5 | cut -c  22-35 | head
  924  grep "type=quoted" downloaded_tweets_extend_original_nolf2.tsv | cut -f 5 | cut -c  22-40 | head
  925  grep "type=quoted" downloaded_tweets_extend_original_nolf2.tsv | cut -f 2 | head
  926  grep "type=quoted" downloaded_tweets_extend_original_nolf2.tsv | head
  927  head  downloaded_tweets_extend_original_nolf2.tsv
  928  grep "type=quoted" downloaded_tweets_extend_original_nolf2.tsv | cut -f 1 | head
  929  grep "type=quoted" downloaded_tweets_extend_original_nolf2.tsv | cut -f 1 | cat
  930  head  downloaded_tweets_extend_original_nolf2.tsv
  931  script a4.txt
  932  rm a2.txt 
  933  rm a3.txt 
  934  rm a1.txt 
  935  script a4.txt
  936  cd /mnt/scratch
  937  script a4.txt
  938  cd
  939  mkdir a4
  940  rm CUSTOMERS/
  941  rmdir CUSTOMERS/
  942  cd CUSTOMERS/
  943  script a4.txt
  944  fgrep "retweet" downloaded_tweets_extend_nolf2.tsv downloaded_tweets_extend_original_nolf2.tsv | cut -f 2 | sort | uniq -c | sort -nr -k1 | head
  945  downloaded_tweets_extend_original_nolf2.tsv
  946  cp /mnt/scratch/jeremiah/downloaded_tweets_extend_original_nolf2.tsv
  947  /home/test/A1/downloaded_tweets_extend_original_nolf2.tsvdownloaded_tweets_extend_original_nolf2.tsv
  948  cp /home/test/A1/downloaded_tweets_extend_original_nolf2.tsv /mnt/scratch/jeremiah
  949  fgrep "retweet" downloaded_tweets_extend_nolf2.tsv downloaded_tweets_extend_original_nolf2.tsv | cut -f 2 | sort | uniq -c | sort -nr -k1 | head
  950  grep "type=quoted" downloaded_tweets_extend_original_nolf2.tsv | cut -f 5 | cut -c  22-40 | head
  951  grep "type=quoted" downloaded_tweets_extend_original_nolf2.tsv | cut -f 1 | head
  952  grep "type=quoted" downloaded_tweets_extend_nolf2.tsv | cut -f 6 | sort | uniq -c | sort -nr -k1 | head
  953  grep "type=quoted" downloaded_tweets_extend_original_nolf2.tsv| cut -f 6 | sort | uniq -c | sort -nr -k1 | head
  954  grep "type=quote" downloaded_tweets_extend_nolf2.tsv | cut -f 4 | sort | uniq -c | sort -nr -k1 | head
  955  grep "type=quote" downloaded_tweets_extend_original_nolf2.tsv | cut -f 4 | sort | uniq -c | sort -nr -k1 | head
  956  cd /mnt/scratch/jeremiah
  957  script a4.txt
  958  git add a4.txt
  959  push a4.txt 
  960  git push a4.txt
  961  git add a4.txt 
  962  echo "# a4" >> README.md
  963  git init
  964  git add README.md
  965  git commit -m "first commit"
  966  git branch -M main
  967  git remote add origin https://github.com/Shinwonryu/a4.git
  968  git push -u origin main
  969  git add a4.txt 
  970  git push a4.txt
  971  git commit -m "a4"
  972  git add a4.txt 
  973  push a4.txt 
  974  git push
  975  y = $(($RANDOM % 100))
  976  $ echo $(($RANDOM % 100))
  977  echo $(($RANDOM % 100))
  978  echo $(($RANDOM % 100))$(($RANDOM % 100))
  979  head amazon_reviews_us_Books_v1_02.tsv -n 30
  980  touch randomsampletest.sh
  981  chmod +x randomsampletest.sh
  982  vi randomsampletest.sh
  983  script ws9.txt
  984  git add ws9.txt 
  985  history > cmds.log
